{"C:\\1_trucs\\iim_cours\\A4\\5_tdd_deploiement\\TDD\\exo1\\hotels.js": {"path":"C:\\1_trucs\\iim_cours\\A4\\5_tdd_deploiement\\TDD\\exo1\\hotels.js","statementMap":{"0":{"start":{"line":1,"column":14},"end":{"line":5,"column":1}},"1":{"start":{"line":7,"column":19},"end":{"line":13,"column":1}},"2":{"start":{"line":8,"column":17},"end":{"line":8,"column":41}},"3":{"start":{"line":9,"column":2},"end":{"line":11,"column":3}},"4":{"start":{"line":10,"column":4},"end":{"line":10,"column":36}},"5":{"start":{"line":12,"column":2},"end":{"line":12,"column":21}},"6":{"start":{"line":14,"column":0},"end":{"line":14,"column":26}},"7":{"start":{"line":15,"column":0},"end":{"line":15,"column":28}}},"fnMap":{"0":{"name":"(anonymous_0)","decl":{"start":{"line":7,"column":19},"end":{"line":7,"column":20}},"loc":{"start":{"line":7,"column":42},"end":{"line":13,"column":1}},"line":7}},"branchMap":{"0":{"loc":{"start":{"line":7,"column":20},"end":{"line":7,"column":37}},"type":"default-arg","locations":[{"start":{"line":7,"column":32},"end":{"line":7,"column":37}}],"line":7},"1":{"loc":{"start":{"line":9,"column":2},"end":{"line":11,"column":3}},"type":"if","locations":[{"start":{"line":9,"column":2},"end":{"line":11,"column":3}},{"start":{},"end":{}}],"line":9}},"s":{"0":1,"1":1,"2":3,"3":3,"4":1,"5":2,"6":1,"7":1},"f":{"0":3},"b":{"0":[2],"1":[1,2]},"_coverageSchema":"1a1c01bbd47fc00a2c39e90264f33305004495a9","hash":"4ee1ad549d8c616b8348b42ce1a95b955984784a"}
,"C:\\1_trucs\\iim_cours\\A4\\5_tdd_deploiement\\TDD\\exo2\\reservation.js": {"path":"C:\\1_trucs\\iim_cours\\A4\\5_tdd_deploiement\\TDD\\exo2\\reservation.js","statementMap":{"0":{"start":{"line":1,"column":20},"end":{"line":5,"column":1}},"1":{"start":{"line":7,"column":25},"end":{"line":9,"column":1}},"2":{"start":{"line":8,"column":2},"end":{"line":8,"column":40}},"3":{"start":{"line":11,"column":0},"end":{"line":11,"column":33}}},"fnMap":{"0":{"name":"(anonymous_0)","decl":{"start":{"line":7,"column":25},"end":{"line":7,"column":26}},"loc":{"start":{"line":7,"column":31},"end":{"line":9,"column":1}},"line":7}},"branchMap":{},"s":{"0":1,"1":1,"2":1,"3":1},"f":{"0":1},"b":{},"_coverageSchema":"1a1c01bbd47fc00a2c39e90264f33305004495a9","hash":"0e1c9b9e42dde56bde86f40cc2a399b6f11b5426"}
,"C:\\1_trucs\\iim_cours\\A4\\5_tdd_deploiement\\TDD\\exo3\\pictures.js": {"path":"C:\\1_trucs\\iim_cours\\A4\\5_tdd_deploiement\\TDD\\exo3\\pictures.js","statementMap":{"0":{"start":{"line":1,"column":15},"end":{"line":34,"column":1}},"1":{"start":{"line":38,"column":21},"end":{"line":55,"column":1}},"2":{"start":{"line":39,"column":19},"end":{"line":39,"column":21}},"3":{"start":{"line":40,"column":2},"end":{"line":50,"column":3}},"4":{"start":{"line":41,"column":22},"end":{"line":41,"column":35}},"5":{"start":{"line":42,"column":4},"end":{"line":49,"column":5}},"6":{"start":{"line":43,"column":6},"end":{"line":48,"column":7}},"7":{"start":{"line":44,"column":21},"end":{"line":44,"column":50}},"8":{"start":{"line":45,"column":8},"end":{"line":47,"column":9}},"9":{"start":{"line":46,"column":10},"end":{"line":46,"column":33}},"10":{"start":{"line":51,"column":2},"end":{"line":53,"column":3}},"11":{"start":{"line":52,"column":4},"end":{"line":52,"column":49}},"12":{"start":{"line":54,"column":2},"end":{"line":54,"column":18}},"13":{"start":{"line":57,"column":0},"end":{"line":57,"column":30}}},"fnMap":{"0":{"name":"(anonymous_0)","decl":{"start":{"line":38,"column":21},"end":{"line":38,"column":22}},"loc":{"start":{"line":38,"column":31},"end":{"line":55,"column":1}},"line":38}},"branchMap":{"0":{"loc":{"start":{"line":43,"column":6},"end":{"line":48,"column":7}},"type":"if","locations":[{"start":{"line":43,"column":6},"end":{"line":48,"column":7}},{"start":{},"end":{}}],"line":43},"1":{"loc":{"start":{"line":43,"column":10},"end":{"line":43,"column":47}},"type":"binary-expr","locations":[{"start":{"line":43,"column":10},"end":{"line":43,"column":29}},{"start":{"line":43,"column":33},"end":{"line":43,"column":47}}],"line":43},"2":{"loc":{"start":{"line":45,"column":8},"end":{"line":47,"column":9}},"type":"if","locations":[{"start":{"line":45,"column":8},"end":{"line":47,"column":9}},{"start":{},"end":{}}],"line":45},"3":{"loc":{"start":{"line":51,"column":2},"end":{"line":53,"column":3}},"type":"if","locations":[{"start":{"line":51,"column":2},"end":{"line":53,"column":3}},{"start":{},"end":{}}],"line":51}},"s":{"0":1,"1":1,"2":2,"3":2,"4":8,"5":8,"6":8,"7":1,"8":1,"9":1,"10":2,"11":1,"12":1,"13":1},"f":{"0":2},"b":{"0":[1,7],"1":[8,1],"2":[1,0],"3":[1,1]},"_coverageSchema":"1a1c01bbd47fc00a2c39e90264f33305004495a9","hash":"ca7d2331e5bbbe3f18755c19dd379c098a750c4e"}
,"C:\\1_trucs\\iim_cours\\A4\\5_tdd_deploiement\\TDD\\exo4\\booking.js": {"path":"C:\\1_trucs\\iim_cours\\A4\\5_tdd_deploiement\\TDD\\exo4\\booking.js","statementMap":{"0":{"start":{"line":1,"column":17},"end":{"line":32,"column":1}},"1":{"start":{"line":37,"column":27},"end":{"line":50,"column":1}},"2":{"start":{"line":38,"column":23},"end":{"line":43,"column":7}},"3":{"start":{"line":39,"column":34},"end":{"line":39,"column":60}},"4":{"start":{"line":40,"column":32},"end":{"line":43,"column":5}},"5":{"start":{"line":45,"column":2},"end":{"line":47,"column":3}},"6":{"start":{"line":46,"column":4},"end":{"line":46,"column":49}},"7":{"start":{"line":49,"column":2},"end":{"line":49,"column":22}},"8":{"start":{"line":52,"column":0},"end":{"line":52,"column":36}}},"fnMap":{"0":{"name":"(anonymous_0)","decl":{"start":{"line":37,"column":27},"end":{"line":37,"column":28}},"loc":{"start":{"line":37,"column":33},"end":{"line":50,"column":1}},"line":37},"1":{"name":"(anonymous_1)","decl":{"start":{"line":39,"column":12},"end":{"line":39,"column":13}},"loc":{"start":{"line":39,"column":34},"end":{"line":39,"column":60}},"line":39},"2":{"name":"(anonymous_2)","decl":{"start":{"line":40,"column":9},"end":{"line":40,"column":10}},"loc":{"start":{"line":40,"column":32},"end":{"line":43,"column":5}},"line":40}},"branchMap":{"0":{"loc":{"start":{"line":45,"column":2},"end":{"line":47,"column":3}},"type":"if","locations":[{"start":{"line":45,"column":2},"end":{"line":47,"column":3}},{"start":{},"end":{}}],"line":45}},"s":{"0":1,"1":1,"2":2,"3":6,"4":2,"5":2,"6":0,"7":2,"8":1},"f":{"0":2,"1":6,"2":2},"b":{"0":[0,2]},"_coverageSchema":"1a1c01bbd47fc00a2c39e90264f33305004495a9","hash":"6f763aca5bb0b7890fef15147128b2bfa74c1b93"}
}
