TN:
SF:exo1\hotels.js
FN:7,(anonymous_0)
FNF:1
FNH:1
FNDA:3,(anonymous_0)
DA:1,1
DA:7,1
DA:8,3
DA:9,3
DA:10,1
DA:12,2
DA:14,1
DA:15,1
LF:8
LH:8
BRDA:7,0,0,2
BRDA:9,1,0,1
BRDA:9,1,1,2
BRF:3
BRH:3
end_of_record
TN:
SF:exo2\reservation.js
FN:7,(anonymous_0)
FNF:1
FNH:1
FNDA:1,(anonymous_0)
DA:1,1
DA:7,1
DA:8,1
DA:11,1
LF:4
LH:4
BRF:0
BRH:0
end_of_record
TN:
SF:exo3\pictures.js
FN:38,(anonymous_0)
FNF:1
FNH:1
FNDA:2,(anonymous_0)
DA:1,1
DA:38,1
DA:39,2
DA:40,2
DA:41,8
DA:42,8
DA:43,8
DA:44,1
DA:45,1
DA:46,1
DA:51,2
DA:52,1
DA:54,1
DA:57,1
LF:14
LH:14
BRDA:43,0,0,1
BRDA:43,0,1,7
BRDA:43,1,0,8
BRDA:43,1,1,1
BRDA:45,2,0,1
BRDA:45,2,1,0
BRDA:51,3,0,1
BRDA:51,3,1,1
BRF:8
BRH:7
end_of_record
TN:
SF:exo4\booking.js
FN:37,(anonymous_0)
FN:39,(anonymous_1)
FN:40,(anonymous_2)
FNF:3
FNH:3
FNDA:2,(anonymous_0)
FNDA:6,(anonymous_1)
FNDA:2,(anonymous_2)
DA:1,1
DA:37,1
DA:38,2
DA:39,6
DA:40,2
DA:45,2
DA:46,0
DA:49,2
DA:52,1
LF:9
LH:8
BRDA:45,0,0,0
BRDA:45,0,1,2
BRF:2
BRH:1
end_of_record
